<?xml version="1.0" encoding="UTF-8"?>
<testsuite name="com.cg.BankAppOnGit.AppTest" tests="1" skipped="0" failures="0" errors="0" timestamp="2016-11-25T07:05:20" hostname="DIN51002914" time="0.001">
  <properties/>
  <testcase name="testApp" classname="com.cg.BankAppOnGit.AppTest" time="0.001"/>
  <system-out><![CDATA[]]></system-out>
  <system-err><![CDATA[]]></system-err>
</testsuite>
